<?xml version="1.0" encoding="UTF-8" ?>
<testsuite errors="0" failures="0" hostname="HUAWEI-MateBook-Pro.local" name="RationalTest" skipped="0" tests="7" time="0.224" timestamp="2021-09-07T08:36:45">
  <properties>
[...]
</properties>
  <testcase classname="RationalTest" name="testAdd" time="0.003" />
  <testcase classname="RationalTest" name="testSubtract" time="0.0" />
  <testcase classname="RationalTest" name="testToString" time="0.003" />
  <testcase classname="RationalTest" name="testCompareTo" time="0.001" />
  <testcase classname="RationalTest" name="testDivide" time="0.0" />
  <testcase classname="RationalTest" name="testEquals" time="0.0" />
  <testcase classname="RationalTest" name="testMultiply" time="0.0" />
  <system-out><![CDATA[]]></system-out>
  <system-err><![CDATA[]]></system-err>
</testsuite>
